<?xml version="1.0" encoding="UTF-8"?>
<!-- Generated by org.testng.reporters.JUnitReportReporter -->
<testsuite hostname="lcc-PC" name="com.uctoutiao.openapi.sdk.auth.AuthRequestTest" tests="1" failures="0" timestamp="15 Mar 2019 09:47:54 GMT" time="0.636" errors="0">
  <testcase name="testGetAccessToken" time="0.636" classname="com.uctoutiao.openapi.sdk.auth.AuthRequestTest"/>
</testsuite>
